mode: set
gitlab.com/g6834/team17/auth-service/internal/services/user_service/service.go:14.49,18.2 1 1
gitlab.com/g6834/team17/auth-service/internal/services/user_service/service.go:20.76,25.16 4 1
gitlab.com/g6834/team17/auth-service/internal/services/user_service/service.go:28.2,28.19 1 1
gitlab.com/g6834/team17/auth-service/internal/services/user_service/service.go:25.16,27.3 1 1
gitlab.com/g6834/team17/auth-service/internal/services/user_service/service.go:31.83,38.2 5 1
gitlab.com/g6834/team17/auth-service/internal/services/user_service/service.go:40.83,46.2 4 1
gitlab.com/g6834/team17/auth-service/internal/services/user_service/service.go:48.91,54.2 4 1
gitlab.com/g6834/team17/auth-service/internal/services/auth_service/service.go:39.75,41.2 1 1
gitlab.com/g6834/team17/auth-service/internal/services/auth_service/service.go:43.105,48.16 4 1
gitlab.com/g6834/team17/auth-service/internal/services/auth_service/service.go:53.2,54.16 2 1
gitlab.com/g6834/team17/auth-service/internal/services/auth_service/service.go:59.2,60.16 2 1
gitlab.com/g6834/team17/auth-service/internal/services/auth_service/service.go:64.2,64.19 1 1
gitlab.com/g6834/team17/auth-service/internal/services/auth_service/service.go:48.16,51.3 2 1
gitlab.com/g6834/team17/auth-service/internal/services/auth_service/service.go:54.16,57.3 2 1
gitlab.com/g6834/team17/auth-service/internal/services/auth_service/service.go:60.16,62.3 1 0
gitlab.com/g6834/team17/auth-service/internal/services/auth_service/service.go:67.97,83.16 12 1
gitlab.com/g6834/team17/auth-service/internal/services/auth_service/service.go:87.2,92.16 6 1
gitlab.com/g6834/team17/auth-service/internal/services/auth_service/service.go:96.2,96.8 1 1
gitlab.com/g6834/team17/auth-service/internal/services/auth_service/service.go:83.16,85.3 1 0
gitlab.com/g6834/team17/auth-service/internal/services/auth_service/service.go:92.16,94.3 1 0
gitlab.com/g6834/team17/auth-service/internal/services/auth_service/service.go:99.110,104.16 4 1
gitlab.com/g6834/team17/auth-service/internal/services/auth_service/service.go:108.2,108.15 1 1
gitlab.com/g6834/team17/auth-service/internal/services/auth_service/service.go:112.2,113.16 2 1
gitlab.com/g6834/team17/auth-service/internal/services/auth_service/service.go:117.2,117.15 1 1
gitlab.com/g6834/team17/auth-service/internal/services/auth_service/service.go:121.2,124.8 1 1
gitlab.com/g6834/team17/auth-service/internal/services/auth_service/service.go:104.16,106.3 1 1
gitlab.com/g6834/team17/auth-service/internal/services/auth_service/service.go:108.15,110.3 1 0
gitlab.com/g6834/team17/auth-service/internal/services/auth_service/service.go:113.16,115.3 1 1
gitlab.com/g6834/team17/auth-service/internal/services/auth_service/service.go:117.15,119.3 1 0
gitlab.com/g6834/team17/auth-service/internal/services/auth_service/service.go:127.99,129.16 2 0
gitlab.com/g6834/team17/auth-service/internal/services/auth_service/service.go:133.2,134.16 2 0
gitlab.com/g6834/team17/auth-service/internal/services/auth_service/service.go:138.2,141.8 1 0
gitlab.com/g6834/team17/auth-service/internal/services/auth_service/service.go:129.16,131.3 1 0
gitlab.com/g6834/team17/auth-service/internal/services/auth_service/service.go:134.16,136.3 1 0
gitlab.com/g6834/team17/auth-service/internal/services/auth_service/service.go:144.62,145.73 1 1
gitlab.com/g6834/team17/auth-service/internal/services/auth_service/service.go:151.2,151.16 1 1
gitlab.com/g6834/team17/auth-service/internal/services/auth_service/service.go:154.2,154.15 1 1
gitlab.com/g6834/team17/auth-service/internal/services/auth_service/service.go:145.73,146.58 1 1
gitlab.com/g6834/team17/auth-service/internal/services/auth_service/service.go:149.3,149.32 1 1
gitlab.com/g6834/team17/auth-service/internal/services/auth_service/service.go:146.58,148.4 1 0
gitlab.com/g6834/team17/auth-service/internal/services/auth_service/service.go:151.16,153.3 1 1
gitlab.com/g6834/team17/auth-service/internal/services/auth_service/service.go:156.104,161.101 4 1
gitlab.com/g6834/team17/auth-service/internal/services/auth_service/service.go:167.2,167.32 1 1
gitlab.com/g6834/team17/auth-service/internal/services/auth_service/service.go:171.2,181.24 4 1
gitlab.com/g6834/team17/auth-service/internal/services/auth_service/service.go:161.101,162.58 1 1
gitlab.com/g6834/team17/auth-service/internal/services/auth_service/service.go:165.3,165.47 1 1
gitlab.com/g6834/team17/auth-service/internal/services/auth_service/service.go:162.58,164.4 1 0
gitlab.com/g6834/team17/auth-service/internal/services/auth_service/service.go:167.32,169.3 1 1
